15:29:15: Creating resource group General
15:29:15: Creating resource group Internal
15:29:15: Creating resource group Autodetect
15:29:15: Registering ResourceManager for type Mesh
15:29:15: Registering ResourceManager for type Material
15:29:15: Registering ResourceManager for type Skeleton
15:29:15: XMLMeshSerializer reading mesh data from C:\Documents and Settings\jorinovski.CREADOMAIN.001\Mes documents\Téléchargements\House.mesh.xml...
15:29:15: Reading submeshes...
15:29:15: Reading geometry...
15:29:15: Geometry done...
15:29:15: Reading geometry...
15:29:15: Geometry done...
15:29:15: Reading geometry...
15:29:15: Geometry done...
15:29:15: Reading geometry...
15:29:15: Geometry done...
15:29:15: Reading geometry...
15:29:15: Geometry done...
15:29:15: Reading geometry...
15:29:15: Geometry done...
15:29:15: Submeshes done.
15:29:15: XMLMeshSerializer import successful.
15:29:15: Reorganising vertex buffers to automatic layout..
15:29:15: MeshSerializer writing mesh data to C:\Documents and Settings\jorinovski.CREADOMAIN.001\Mes documents\Téléchargements\House.mesh...
15:29:15: File header written.
15:29:15: Writing mesh data...
15:29:15: Writing submesh...
15:29:15: Exporting submesh texture aliases...
15:29:15: Submesh texture aliases exported.
15:29:15: Submesh exported.
15:29:15: Writing submesh...
15:29:15: Exporting submesh texture aliases...
15:29:15: Submesh texture aliases exported.
15:29:15: Submesh exported.
15:29:15: Writing submesh...
15:29:15: Exporting submesh texture aliases...
15:29:15: Submesh texture aliases exported.
15:29:15: Submesh exported.
15:29:15: Writing submesh...
15:29:15: Exporting submesh texture aliases...
15:29:15: Submesh texture aliases exported.
15:29:15: Submesh exported.
15:29:15: Writing submesh...
15:29:15: Exporting submesh texture aliases...
15:29:15: Submesh texture aliases exported.
15:29:15: Submesh exported.
15:29:15: Writing submesh...
15:29:15: Exporting submesh texture aliases...
15:29:15: Submesh texture aliases exported.
15:29:15: Submesh exported.
15:29:15: Exporting bounds information....
15:29:15: Bounds information exported.
15:29:15: Exporting submesh name table...
15:29:15: Submesh name table exported.
15:29:15: Exporting edge lists...
15:29:15: Edge lists exported
15:29:15: Mesh data exported.
15:29:15: MeshSerializer export successful.
15:29:15: Unregistering ResourceManager for type Skeleton
15:29:15: Unregistering ResourceManager for type Material
15:29:15: Unregistering ResourceManager for type Mesh
