17:21:00: Creating resource group General
17:21:00: Creating resource group Internal
17:21:00: Creating resource group Autodetect
17:21:00: SceneManagerFactory for type 'DefaultSceneManager' registered.
17:21:00: Registering ResourceManager for type Material
17:21:00: Registering ResourceManager for type Mesh
17:21:00: Registering ResourceManager for type Skeleton
17:21:00: MovableObjectFactory for type 'ParticleSystem' registered.
17:21:00: OverlayElementFactory for type Panel registered.
17:21:00: OverlayElementFactory for type BorderPanel registered.
17:21:00: OverlayElementFactory for type TextArea registered.
17:21:00: Registering ResourceManager for type Font
17:21:00: ArchiveFactory for archive type FileSystem registered.
17:21:00: ArchiveFactory for archive type Zip registered.
17:21:00: DDS codec registering
17:21:00: FreeImage version: 3.13.1
17:21:00: This program uses FreeImage, a free, open source image library supporting all common bitmap formats. See http://freeimage.sourceforge.net for details
17:21:00: Supported formats: bmp,ico,jpg,jif,jpeg,jpe,jng,koa,iff,lbm,mng,pbm,pbm,pcd,pcx,pgm,pgm,png,ppm,ppm,ras,tga,targa,tif,tiff,wap,wbmp,wbm,psd,cut,xbm,xpm,gif,hdr,g3,sgi,exr,j2k,j2c,jp2,pfm,pct,pict,pic,bay,bmq,cr2,crw,cs1,dc2,dcr,dng,erf,fff,hdr,k25,kdc,mdc,mos,mrw,nef,orf,pef,pxn,raf,raw,rdc,sr2,srf,arw,3fr,cine,ia,kc2,mef,nrw,qtk,rw2,sti,drf,dsc,ptx,cap,iiq,rwz
17:21:00: Registering ResourceManager for type HighLevelGpuProgram
17:21:00: Registering ResourceManager for type Compositor
17:21:00: MovableObjectFactory for type 'Entity' registered.
17:21:00: MovableObjectFactory for type 'Light' registered.
17:21:00: MovableObjectFactory for type 'BillboardSet' registered.
17:21:00: MovableObjectFactory for type 'ManualObject' registered.
17:21:00: MovableObjectFactory for type 'BillboardChain' registered.
17:21:00: MovableObjectFactory for type 'RibbonTrail' registered.
17:21:00: Loading library .\RenderSystem_GL_d
17:21:00: Installing plugin: GL RenderSystem
17:21:00: OpenGL Rendering Subsystem created.
17:21:01: Plugin successfully installed
17:21:01: *-*-* OGRE Initialising
17:21:01: *-*-* Version 1.7.2 (Cthugha)
17:21:01: CPU Identifier & Features
17:21:01: -------------------------
17:21:01:  *   CPU ID: GenuineIntel: Intel(R) Pentium(R) 4 CPU 3.00GHz
17:21:01:  *      SSE: yes
17:21:01:  *     SSE2: yes
17:21:01:  *     SSE3: no
17:21:01:  *      MMX: yes
17:21:01:  *   MMXEXT: yes
17:21:01:  *    3DNOW: no
17:21:01:  * 3DNOWEXT: no
17:21:01:  *     CMOV: yes
17:21:01:  *      TSC: yes
17:21:01:  *      FPU: yes
17:21:01:  *      PRO: no
17:21:01:  *       HT: yes
17:21:01: -------------------------
17:21:01: *** Starting Win32GL Subsystem ***
17:21:01: GLRenderSystem::_createRenderWindow "Zevil", 600x400 windowed  miscParams: FSAA=0 FSAAHint= colourDepth=32 displayFrequency=0 gamma=false vsync=false vsyncInterval=1 
17:21:01: Created Win32Window 'Zevil' : 608x434, 32bpp
17:21:01: GL_VERSION = 2.0.3
17:21:01: GL_VENDOR = NVIDIA Corporation
17:21:01: GL_RENDERER = GeForce 7600 GT/AGP/SSE2
17:21:01: GL_EXTENSIONS = GL_ARB_color_buffer_float GL_ARB_depth_texture GL_ARB_draw_buffers GL_ARB_fragment_program GL_ARB_fragment_program_shadow GL_ARB_fragment_shader GL_ARB_half_float_pixel GL_ARB_imaging GL_ARB_multisample GL_ARB_multitexture GL_ARB_occlusion_query GL_ARB_pixel_buffer_object GL_ARB_point_parameters GL_ARB_point_sprite GL_ARB_shadow GL_ARB_shader_objects GL_ARB_shading_language_100 GL_ARB_texture_border_clamp GL_ARB_texture_compression GL_ARB_texture_cube_map GL_ARB_texture_env_add GL_ARB_texture_env_combine GL_ARB_texture_env_dot3 GL_ARB_texture_float GL_ARB_texture_mirrored_repeat GL_ARB_texture_non_power_of_two GL_ARB_texture_rectangle GL_ARB_transpose_matrix GL_ARB_vertex_buffer_object GL_ARB_vertex_program GL_ARB_vertex_shader GL_ARB_window_pos GL_ATI_draw_buffers GL_ATI_texture_float GL_ATI_texture_mirror_once GL_S3_s3tc GL_EXT_texture_env_add GL_EXT_abgr GL_EXT_bgra GL_EXT_blend_color GL_EXT_blend_equation_separate GL_EXT_blend_func_separate GL_EXT_blend_minmax GL_EXT_blend_subtract GL_EXT_compiled_vertex_array GL_EXT_Cg_shader GL_EXT_depth_bounds_test GL_EXT_draw_range_elements GL_EXT_fog_coord GL_EXT_framebuffer_object GL_EXT_multi_draw_arrays GL_EXT_packed_depth_stencil GL_EXT_packed_pixels GL_EXT_pixel_buffer_object GL_EXT_point_parameters GL_EXT_rescale_normal GL_EXT_secondary_color GL_EXT_separate_specular_color GL_EXT_shadow_funcs GL_EXT_stencil_two_side GL_EXT_stencil_wrap GL_EXT_texture3D GL_EXT_texture_compression_s3tc GL_EXT_texture_cube_map GL_EXT_texture_edge_clamp GL_EXT_texture_env_combine GL_EXT_texture_env_dot3 GL_EXT_texture_filter_anisotropic GL_EXT_texture_lod GL_EXT_texture_lod_bias GL_EXT_texture_mirror_clamp GL_EXT_texture_object GL_EXT_texture_sRGB GL_EXT_timer_query GL_EXT_vertex_array GL_HP_occlusion_test GL_IBM_rasterpos_clip GL_IBM_texture_mirrored_repeat GL_KTX_buffer_region GL_NV_blend_square GL_NV_copy_depth_to_color GL_NV_depth_clamp GL_NV_fence GL_NV_float_buffer GL_NV_fog_distance GL_NV_fragment_program GL_NV_fragment_program_option GL_NV_fragment_program2 GL_NV_half_float GL_NV_light_max_exponent GL_NV_multisample_filter_hint GL_NV_occlusion_query GL_NV_packed_depth_stencil GL_NV_pixel_data_range GL_NV_point_sprite GL_NV_primitive_restart GL_NV_register_combiners GL_NV_register_combiners2 GL_NV_texgen_reflection GL_NV_texture_compression_vtc GL_NV_texture_env_combine4 GL_NV_texture_expand_normal GL_NV_texture_rectangle GL_NV_texture_shader GL_NV_texture_shader2 GL_NV_texture_shader3 GL_NV_vertex_array_range GL_NV_vertex_array_range2 GL_NV_vertex_program GL_NV_vertex_program1_1 GL_NV_vertex_program2 GL_NV_vertex_program2_option GL_NV_vertex_program3 GL_NVX_conditional_render GL_SGIS_generate_mipmap GL_SGIS_texture_lod GL_SGIX_depth_texture GL_SGIX_shadow GL_SUN_slice_accum GL_WIN_swap_hint WGL_EXT_swap_control 
17:21:01: Supported WGL extensions: WGL_ARB_buffer_region WGL_ARB_extensions_string WGL_ARB_make_current_read WGL_ARB_multisample WGL_ARB_pbuffer WGL_ARB_pixel_format WGL_ARB_render_texture WGL_ATI_pixel_format_float WGL_EXT_extensions_string WGL_EXT_swap_control WGL_NV_float_buffer WGL_NV_render_depth_texture WGL_NV_render_texture_rectangle 
17:21:01: ***************************
17:21:01: *** GL Renderer Started ***
17:21:01: ***************************
17:21:01: Registering ResourceManager for type GpuProgram
17:21:01: GLSL support detected
17:21:01: GL: Using GL_EXT_framebuffer_object for rendering to textures (best)
17:21:01: FBO PF_UNKNOWN depth/stencil support: D16S0 D24S0 D32S0 Packed-D24S8 
17:21:01: FBO PF_R5G6B5 depth/stencil support: D0S0 D16S0 
17:21:01: FBO PF_B5G6R5 depth/stencil support: D0S0 D16S0 
17:21:01: FBO PF_R8G8B8 depth/stencil support: D0S0 D24S0 D32S0 Packed-D24S8 
17:21:01: FBO PF_B8G8R8 depth/stencil support: D0S0 D24S0 D32S0 Packed-D24S8 
17:21:01: FBO PF_A8R8G8B8 depth/stencil support: D0S0 D24S0 D32S0 Packed-D24S8 
17:21:01: FBO PF_B8G8R8A8 depth/stencil support: D0S0 D24S0 D32S0 Packed-D24S8 
17:21:01: FBO PF_A2R10G10B10 depth/stencil support: D0S0 D24S0 D32S0 Packed-D24S8 
17:21:01: FBO PF_A2B10G10R10 depth/stencil support: D0S0 D24S0 D32S0 Packed-D24S8 
17:21:01: FBO PF_FLOAT16_RGB depth/stencil support: D0S0 D24S0 D32S0 Packed-D24S8 
17:21:01: FBO PF_FLOAT16_RGBA depth/stencil support: D0S0 D24S0 D32S0 Packed-D24S8 
17:21:01: FBO PF_FLOAT32_RGB depth/stencil support: D0S0 D24S0 D32S0 Packed-D24S8 
17:21:01: FBO PF_FLOAT32_RGBA depth/stencil support: D0S0 D24S0 D32S0 Packed-D24S8 
17:21:01: FBO PF_X8R8G8B8 depth/stencil support: D0S0 D24S0 D32S0 Packed-D24S8 
17:21:01: FBO PF_X8B8G8R8 depth/stencil support: D0S0 D24S0 D32S0 Packed-D24S8 
17:21:01: FBO PF_SHORT_RGBA depth/stencil support: D0S0 D24S0 D32S0 Packed-D24S8 
17:21:01: FBO PF_R3G3B2 depth/stencil support: D0S0 D16S0 
17:21:01: FBO PF_SHORT_RGB depth/stencil support: D0S0 D24S0 D32S0 Packed-D24S8 
17:21:01: [GL] : Valid FBO targets PF_UNKNOWN PF_R5G6B5 PF_B5G6R5 PF_R8G8B8 PF_B8G8R8 PF_A8R8G8B8 PF_B8G8R8A8 PF_A2R10G10B10 PF_A2B10G10R10 PF_FLOAT16_RGB PF_FLOAT16_RGBA PF_FLOAT32_RGB PF_FLOAT32_RGBA PF_X8R8G8B8 PF_X8B8G8R8 PF_SHORT_RGBA PF_R3G3B2 PF_SHORT_RGB 
17:21:01: RenderSystem capabilities
17:21:01: -------------------------
17:21:01: RenderSystem Name: OpenGL Rendering Subsystem
17:21:01: GPU Vendor: nvidia
17:21:01: Device Name: GeForce 7600 GT/AGP/SSE2
17:21:01: Driver Version: 2.0.3.0
17:21:01:  * Fixed function pipeline: yes
17:21:01:  * Hardware generation of mipmaps: yes
17:21:01:  * Texture blending: yes
17:21:01:  * Anisotropic texture filtering: yes
17:21:01:  * Dot product texture operation: yes
17:21:01:  * Cube mapping: yes
17:21:01:  * Hardware stencil buffer: yes
17:21:01:    - Stencil depth: 8
17:21:01:    - Two sided stencil support: yes
17:21:01:    - Wrap stencil values: yes
17:21:01:  * Hardware vertex / index buffers: yes
17:21:01:  * Vertex programs: yes
17:21:01:  * Number of floating-point constants for vertex programs: 256
17:21:01:  * Number of integer constants for vertex programs: 0
17:21:01:  * Number of boolean constants for vertex programs: 0
17:21:01:  * Fragment programs: yes
17:21:01:  * Number of floating-point constants for fragment programs: 512
17:21:01:  * Number of integer constants for fragment programs: 0
17:21:01:  * Number of boolean constants for fragment programs: 0
17:21:01:  * Geometry programs: no
17:21:01:  * Number of floating-point constants for geometry programs: 0
17:21:01:  * Number of integer constants for geometry programs: 8
17:21:01:  * Number of boolean constants for geometry programs: 0
17:21:01:  * Supported Shader Profiles: arbfp1 arbvp1 fp20 fp30 fp40 glsl vp30 vp40
17:21:01:  * Texture Compression: yes
17:21:01:    - DXT: yes
17:21:01:    - VTC: yes
17:21:01:    - PVRTC: no
17:21:01:  * Scissor Rectangle: yes
17:21:01:  * Hardware Occlusion Query: yes
17:21:01:  * User clip planes: yes
17:21:01:  * VET_UBYTE4 vertex element type: yes
17:21:01:  * Infinite far plane projection: yes
17:21:01:  * Hardware render-to-texture: yes
17:21:01:  * Floating point textures: yes
17:21:01:  * Non-power-of-two textures: yes
17:21:01:  * Volume textures: yes
17:21:01:  * Multiple Render Targets: 4
17:21:01:    - With different bit depths: yes
17:21:01:  * Point Sprites: yes
17:21:01:  * Extended point parameters: yes
17:21:01:  * Max Point Size: 63.375
17:21:01:  * Vertex texture fetch: yes
17:21:01:  * Number of world matrices: 0
17:21:01:  * Number of texture units: 16
17:21:01:  * Stencil buffer depth: 8
17:21:01:  * Number of vertex blend matrices: 0
17:21:01:    - Max vertex textures: 4
17:21:01:    - Vertex textures shared: yes
17:21:01:  * Render to Vertex Buffer : no
17:21:01:  * GL 1.5 without VBO workaround: no
17:21:01:  * Frame Buffer objects: yes
17:21:01:  * Frame Buffer objects (ARB extension): no
17:21:01:  * Frame Buffer objects (ATI extension): no
17:21:01:  * PBuffer support: yes
17:21:01:  * GL 1.5 without HW-occlusion workaround: no
17:21:01: Registering ResourceManager for type Texture
17:21:01: DefaultWorkQueue('Root') initialising on thread 001545A8.
17:21:01: DefaultWorkQueue('Root')::WorkerFunc - thread 0015FC90 starting.
17:21:01: DefaultWorkQueue('Root')::WorkerFunc - thread 0015FCD0 starting.
17:21:01: Particle Renderer Type 'billboard' registered
17:21:01: Creating resource group 
17:21:01: Added resource location 'C:/Ogre172/media/models' of type 'FileSystem' to resource group ''
17:21:01: Added resource location './textures' of type 'FileSystem' to resource group ''
17:21:01: Added resource location './conf' of type 'FileSystem' to resource group ''
17:21:01: Added resource location 'C:/Ogre172/media/materials/textures' of type 'FileSystem' to resource group ''
17:21:01: Added resource location 'C:/Ogre172/media/materials/textures/nvidia' of type 'FileSystem' to resource group ''
17:21:01: Added resource location 'C:/Ogre172/media/models' of type 'FileSystem' to resource group ''
17:21:01: Added resource location 'C:/Ogre172/media/packs/Sinbad.zip' of type 'Zip' to resource group ''
17:21:01: Parsing scripts for resource group 
17:21:01: Parsing script jokoon.material
17:21:01: Parsing script normal.material
17:21:01: Parsing script textures.material
17:21:01: Parsing script Sinbad.material
17:21:01: Parsing script crosshair.overlay
17:21:01: Texture: crosshair-circle.png: Loading 1 faces(PF_A8R8G8B8,32x32x1) with 5 generated mipmaps from Image. Internal format is PF_A8R8G8B8,32x32x1.
17:21:01: Finished parsing scripts for resource group 
17:21:01: Parsing scripts for resource group Autodetect
17:21:01: Finished parsing scripts for resource group Autodetect
17:21:01: Parsing scripts for resource group General
17:21:01: Finished parsing scripts for resource group General
17:21:01: Parsing scripts for resource group Internal
17:21:01: Finished parsing scripts for resource group Internal
17:21:01: Texture: purple-dot.png: Loading 1 faces(PF_A8R8G8B8,64x64x1) with 6 generated mipmaps from Image. Internal format is PF_A8R8G8B8,64x64x1.
17:21:01: Texture: blue-ray21-bright-trans.png: Loading 1 faces(PF_A8R8G8B8,21x1x1) with 4 generated mipmaps from Image. Internal format is PF_A8R8G8B8,21x1x1.
17:21:01: Texture: bullet-trace.png: Loading 1 faces(PF_A8R8G8B8,20x5x1) with 4 generated mipmaps from Image. Internal format is PF_A8R8G8B8,20x5x1.
17:21:01: Texture: test.png: Loading 1 faces(PF_A8R8G8B8,256x256x1) with 8 generated mipmaps from Image. Internal format is PF_A8R8G8B8,256x256x1.
17:21:01: Texture: terr_dirt-grass.jpg: Loading 1 faces(PF_R8G8B8,256x256x1) with 8 generated mipmaps from Image. Internal format is PF_X8R8G8B8,256x256x1.
17:21:01: Mesh: Loading ninja.mesh.
17:21:01: Skeleton: Loading ninja.skeleton
17:21:02: Texture: nskingr.jpg: Loading 1 faces(PF_R8G8B8,512x512x1) with 9 generated mipmaps from Image. Internal format is PF_X8R8G8B8,512x512x1.
